{2024-05-27 11:07:28,247: INFO: main: welcome to our coustom log}
{2024-05-28 14:20:53,678: INFO: main: >>>>>> stage Data Ingestion stage started <<<<<<}
{2024-05-28 14:20:53,682: INFO: common: yaml file: config\config.yaml loaded successfully}
{2024-05-28 14:20:53,717: INFO: common: yaml file: params.yaml loaded successfully}
{2024-05-28 14:20:53,722: INFO: common: created directory at: artifacts}
{2024-05-28 14:20:53,723: INFO: common: created directory at: artifacts/data_ingestion}
{2024-05-28 14:20:53,723: INFO: data_ingestion: Downloading data from https://drive.google.com/file/d/1w-6HZsQzlMNpRX9D8yHTy24tGJ9ks-G0/view?usp=sharing into file artifacts/data_ingestion/data.zip}
{2024-05-28 14:21:36,305: INFO: data_ingestion: Downloaded data from https://drive.google.com/file/d/1w-6HZsQzlMNpRX9D8yHTy24tGJ9ks-G0/view?usp=sharing into file artifacts/data_ingestion/data.zip}
{2024-05-28 14:22:08,028: INFO: main: >>>>>> stage Data Ingestion stage completed <<<<<<

x==========x}
{2024-05-29 10:37:36,903: INFO: common: yaml file: config\config.yaml loaded successfully}
{2024-05-29 10:37:36,924: INFO: common: yaml file: params.yaml loaded successfully}
{2024-05-29 10:37:36,931: INFO: common: created directory at: artifacts}
{2024-05-29 10:41:45,232: INFO: common: yaml file: config\config.yaml loaded successfully}
{2024-05-29 10:41:45,237: INFO: common: yaml file: params.yaml loaded successfully}
{2024-05-29 10:41:45,239: INFO: common: created directory at: artifacts}
{2024-05-29 10:41:45,246: INFO: common: created directory at: artifacts/prepare_base_model}
{2024-05-29 10:43:00,362: WARNING: saving_utils: Compiled the loaded model, but the compiled metrics have yet to be built. `model.compile_metrics` will be empty until you train or evaluate the model.}
{2024-05-29 11:16:04,324: INFO: main: >>>>>> stage Data Ingestion stage started <<<<<<}
{2024-05-29 11:16:04,329: INFO: common: yaml file: config\config.yaml loaded successfully}
{2024-05-29 11:16:04,331: INFO: common: yaml file: params.yaml loaded successfully}
{2024-05-29 11:16:04,331: INFO: common: created directory at: artifacts}
{2024-05-29 11:16:04,333: INFO: common: created directory at: artifacts/data_ingestion}
{2024-05-29 11:16:04,334: INFO: data_ingestion: Downloading data from https://drive.google.com/file/d/1w-6HZsQzlMNpRX9D8yHTy24tGJ9ks-G0/view?usp=sharing into file artifacts/data_ingestion/data.zip}
{2024-05-29 11:17:13,305: INFO: data_ingestion: Downloaded data from https://drive.google.com/file/d/1w-6HZsQzlMNpRX9D8yHTy24tGJ9ks-G0/view?usp=sharing into file artifacts/data_ingestion/data.zip}
{2024-05-29 11:17:48,411: INFO: main: >>>>>> stage Data Ingestion stage completed <<<<<<

x==========x}
{2024-05-29 11:17:48,413: INFO: main: *******************}
{2024-05-29 11:17:48,414: INFO: main: >>>>>> stage Prepare base model started <<<<<<}
{2024-05-29 11:17:48,419: INFO: common: yaml file: config\config.yaml loaded successfully}
{2024-05-29 11:17:48,425: INFO: common: yaml file: params.yaml loaded successfully}
{2024-05-29 11:17:48,451: INFO: common: created directory at: artifacts}
{2024-05-29 11:17:48,510: INFO: common: created directory at: artifacts/prepare_base_model}
{2024-05-29 11:17:51,582: WARNING: saving_utils: Compiled the loaded model, but the compiled metrics have yet to be built. `model.compile_metrics` will be empty until you train or evaluate the model.}
{2024-05-29 11:17:58,576: INFO: main: >>>>>> stage Prepare base model completed <<<<<<

x==========x}
